TN:
SF:tests\helpers.ts
FN:6,createMockVts
FN:25,createMockForm
FN:32,(anonymous_2)
FN:35,(anonymous_3)
FN:42,getRandomFieldType
FN:63,generateMockFields
FN:84,createVtsFields
FN:87,(anonymous_7)
FN:102,(anonymous_8)
FNF:9
FNH:9
FNDA:4,createMockVts
FNDA:4,createMockForm
FNDA:14,(anonymous_2)
FNDA:1,(anonymous_3)
FNDA:7,getRandomFieldType
FNDA:1,generateMockFields
FNDA:5,createVtsFields
FNDA:15,(anonymous_7)
FNDA:26,(anonymous_8)
DA:10,4
DA:29,4
DA:32,14
DA:35,4
DA:36,1
DA:38,4
DA:39,4
DA:43,7
DA:67,1
DA:69,1
DA:70,5
DA:72,5
DA:74,5
DA:75,2
DA:82,1
DA:85,5
DA:87,5
DA:89,15
DA:91,15
DA:92,1
DA:93,14
DA:94,0
DA:95,0
DA:96,14
DA:97,0
DA:99,14
DA:102,15
DA:103,26
DA:104,11
DA:108,15
DA:109,15
DA:112,5
LF:32
LH:29
BRDA:7,0,0,0
BRDA:8,1,0,4
BRDA:26,2,0,0
BRDA:27,3,0,3
BRDA:65,4,0,0
BRDA:74,5,0,2
BRDA:74,5,1,3
BRDA:91,6,0,1
BRDA:91,6,1,14
BRDA:93,7,0,0
BRDA:93,7,1,14
BRDA:96,8,0,0
BRDA:96,8,1,14
BRDA:103,9,0,11
BRDA:103,9,1,15
BRF:15
BRH:10
end_of_record
TN:
SF:tests\init\rules.atest.ts
FNF:0
FNH:0
LF:0
LH:0
BRF:0
BRH:0
end_of_record
