TN:
SF:tests\helpers.ts
FN:5,createMockVts
FN:24,createMockForm
FN:31,(anonymous_2)
FN:34,(anonymous_3)
FN:41,createVtsFields
FN:44,(anonymous_5)
FN:47,(anonymous_6)
FNF:7
FNH:7
FNDA:3,createMockVts
FNDA:3,createMockForm
FNDA:8,(anonymous_2)
FNDA:1,(anonymous_3)
FNDA:4,createVtsFields
FNDA:9,(anonymous_5)
FNDA:19,(anonymous_6)
DA:9,3
DA:28,3
DA:31,8
DA:34,3
DA:35,1
DA:37,3
DA:38,3
DA:42,4
DA:44,4
DA:45,9
DA:47,9
DA:48,19
DA:51,9
DA:52,9
DA:55,4
LF:15
LH:15
BRDA:6,0,0,0
BRDA:7,1,0,3
BRDA:25,2,0,0
BRDA:26,3,0,2
BRF:4
BRH:2
end_of_record
